
*** Running vivado
    with args -log my_top.vds -m64 -product Vivado -mode batch -messageDb vivado.pb -notrace -source my_top.tcl



****** Vivado v2021.1 (64-bit)
  **** SW Build 3247384 on Thu Jun 10 19:36:33 MDT 2021
  **** IP Build 3246043 on Fri Jun 11 00:30:35 MDT 2021
    ** Copyright 1986-2021 Xilinx, Inc. All Rights Reserved.

source my_top.tcl -notrace
Command: synth_design -top my_top -part xc7a35tcpg236-1
Starting synth_design
Attempting to get a license for feature 'Synthesis' and/or device 'xc7a35t'
INFO: [Common 17-349] Got license for feature 'Synthesis' and/or device 'xc7a35t'
INFO: [Device 21-403] Loading part xc7a35tcpg236-1
INFO: [Synth 8-7079] Multithreading enabled for synth_design using a maximum of 2 processes.
INFO: [Synth 8-7078] Launching helper process for spawning children vivado processes
INFO: [Synth 8-7075] Helper process launched with PID 13432
---------------------------------------------------------------------------------
Starting RTL Elaboration : Time (s): cpu = 00:00:01 ; elapsed = 00:00:04 . Memory (MB): peak = 1282.902 ; gain = 0.000
---------------------------------------------------------------------------------
INFO: [Synth 8-6157] synthesizing module 'my_top' [D:/project/FPGA/src/04.fnd_control/04.fnd_control.srcs/sources_1/imports/new/my_top.v:3]
INFO: [Synth 8-6157] synthesizing module 'my_btn_debounce' [D:/project/FPGA/src/04.fnd_control/04.fnd_control.srcs/sources_1/imports/new/my_btn_debounce.v:3]
INFO: [Synth 8-6155] done synthesizing module 'my_btn_debounce' (1#1) [D:/project/FPGA/src/04.fnd_control/04.fnd_control.srcs/sources_1/imports/new/my_btn_debounce.v:3]
INFO: [Synth 8-6157] synthesizing module 'tick_generator' [D:/project/FPGA/src/04.fnd_control/04.fnd_control.srcs/sources_1/imports/new/tick_generator.v:3]
INFO: [Synth 8-6155] done synthesizing module 'tick_generator' (2#1) [D:/project/FPGA/src/04.fnd_control/04.fnd_control.srcs/sources_1/imports/new/tick_generator.v:3]
INFO: [Synth 8-6157] synthesizing module 'fnd_controller' [D:/project/FPGA/src/04.fnd_control/04.fnd_control.srcs/sources_1/new/fnd_controller.v:3]
INFO: [Synth 8-6157] synthesizing module 'fnd_digit_select' [D:/project/FPGA/src/04.fnd_control/04.fnd_control.srcs/sources_1/new/fnd_controller.v:45]
INFO: [Synth 8-6155] done synthesizing module 'fnd_digit_select' (3#1) [D:/project/FPGA/src/04.fnd_control/04.fnd_control.srcs/sources_1/new/fnd_controller.v:45]
INFO: [Synth 8-6157] synthesizing module 'bin2bcd' [D:/project/FPGA/src/04.fnd_control/04.fnd_control.srcs/sources_1/new/fnd_controller.v:76]
INFO: [Synth 8-6155] done synthesizing module 'bin2bcd' (4#1) [D:/project/FPGA/src/04.fnd_control/04.fnd_control.srcs/sources_1/new/fnd_controller.v:76]
INFO: [Synth 8-6157] synthesizing module 'fnd_display' [D:/project/FPGA/src/04.fnd_control/04.fnd_control.srcs/sources_1/new/fnd_controller.v:91]
INFO: [Synth 8-226] default block is never used [D:/project/FPGA/src/04.fnd_control/04.fnd_control.srcs/sources_1/new/fnd_controller.v:104]
WARNING: [Synth 8-567] referenced signal 'd1' should be on the sensitivity list [D:/project/FPGA/src/04.fnd_control/04.fnd_control.srcs/sources_1/new/fnd_controller.v:103]
WARNING: [Synth 8-567] referenced signal 'd10' should be on the sensitivity list [D:/project/FPGA/src/04.fnd_control/04.fnd_control.srcs/sources_1/new/fnd_controller.v:103]
WARNING: [Synth 8-567] referenced signal 'd100' should be on the sensitivity list [D:/project/FPGA/src/04.fnd_control/04.fnd_control.srcs/sources_1/new/fnd_controller.v:103]
WARNING: [Synth 8-567] referenced signal 'd1000' should be on the sensitivity list [D:/project/FPGA/src/04.fnd_control/04.fnd_control.srcs/sources_1/new/fnd_controller.v:103]
INFO: [Synth 8-6155] done synthesizing module 'fnd_display' (5#1) [D:/project/FPGA/src/04.fnd_control/04.fnd_control.srcs/sources_1/new/fnd_controller.v:91]
INFO: [Synth 8-6155] done synthesizing module 'fnd_controller' (6#1) [D:/project/FPGA/src/04.fnd_control/04.fnd_control.srcs/sources_1/new/fnd_controller.v:3]
INFO: [Synth 8-6157] synthesizing module 'btn_command_controller' [D:/project/FPGA/src/04.fnd_control/04.fnd_control.srcs/sources_1/new/btn_command_controller.v:3]
INFO: [Synth 8-155] case statement is not full and has no default [D:/project/FPGA/src/04.fnd_control/04.fnd_control.srcs/sources_1/new/btn_command_controller.v:68]
INFO: [Synth 8-6155] done synthesizing module 'btn_command_controller' (7#1) [D:/project/FPGA/src/04.fnd_control/04.fnd_control.srcs/sources_1/new/btn_command_controller.v:3]
INFO: [Synth 8-6155] done synthesizing module 'my_top' (8#1) [D:/project/FPGA/src/04.fnd_control/04.fnd_control.srcs/sources_1/imports/new/my_top.v:3]
---------------------------------------------------------------------------------
Finished RTL Elaboration : Time (s): cpu = 00:00:02 ; elapsed = 00:00:05 . Memory (MB): peak = 1282.902 ; gain = 0.000
---------------------------------------------------------------------------------
---------------------------------------------------------------------------------
Start Handling Custom Attributes
---------------------------------------------------------------------------------
---------------------------------------------------------------------------------
Finished Handling Custom Attributes : Time (s): cpu = 00:00:02 ; elapsed = 00:00:05 . Memory (MB): peak = 1282.902 ; gain = 0.000
---------------------------------------------------------------------------------
---------------------------------------------------------------------------------
Finished RTL Optimization Phase 1 : Time (s): cpu = 00:00:02 ; elapsed = 00:00:05 . Memory (MB): peak = 1282.902 ; gain = 0.000
---------------------------------------------------------------------------------
Netlist sorting complete. Time (s): cpu = 00:00:00 ; elapsed = 00:00:00.004 . Memory (MB): peak = 1282.902 ; gain = 0.000
INFO: [Project 1-570] Preparing netlist for logic optimization

Processing XDC Constraints
Initializing timing engine
Parsing XDC File [D:/project/FPGA/src/04.fnd_control/04.fnd_control.srcs/constrs_1/imports/temp/Basys3-Master_orginal.xdc]
Finished Parsing XDC File [D:/project/FPGA/src/04.fnd_control/04.fnd_control.srcs/constrs_1/imports/temp/Basys3-Master_orginal.xdc]
INFO: [Project 1-236] Implementation specific constraints were found while reading constraint file [D:/project/FPGA/src/04.fnd_control/04.fnd_control.srcs/constrs_1/imports/temp/Basys3-Master_orginal.xdc]. These constraints will be ignored for synthesis but will be used in implementation. Impacted constraints are listed in the file [.Xil/my_top_propImpl.xdc].
Resolution: To avoid this warning, move constraints listed in [.Xil/my_top_propImpl.xdc] to another XDC file and exclude this new file from synthesis with the used_in_synthesis property (File Properties dialog in GUI) and re-run elaboration/synthesis.
Completed Processing XDC Constraints

Netlist sorting complete. Time (s): cpu = 00:00:00 ; elapsed = 00:00:00 . Memory (MB): peak = 1282.902 ; gain = 0.000
INFO: [Project 1-111] Unisim Transformation Summary:
No Unisim elements were transformed.

Constraint Validation Runtime : Time (s): cpu = 00:00:00 ; elapsed = 00:00:00.003 . Memory (MB): peak = 1282.902 ; gain = 0.000
---------------------------------------------------------------------------------
Finished Constraint Validation : Time (s): cpu = 00:00:05 ; elapsed = 00:00:11 . Memory (MB): peak = 1282.902 ; gain = 0.000
---------------------------------------------------------------------------------
---------------------------------------------------------------------------------
Start Loading Part and Timing Information
---------------------------------------------------------------------------------
Loading part: xc7a35tcpg236-1
---------------------------------------------------------------------------------
Finished Loading Part and Timing Information : Time (s): cpu = 00:00:05 ; elapsed = 00:00:11 . Memory (MB): peak = 1282.902 ; gain = 0.000
---------------------------------------------------------------------------------
---------------------------------------------------------------------------------
Start Applying 'set_property' XDC Constraints
---------------------------------------------------------------------------------
---------------------------------------------------------------------------------
Finished applying 'set_property' XDC Constraints : Time (s): cpu = 00:00:05 ; elapsed = 00:00:11 . Memory (MB): peak = 1282.902 ; gain = 0.000
---------------------------------------------------------------------------------
---------------------------------------------------------------------------------
Finished RTL Optimization Phase 2 : Time (s): cpu = 00:00:05 ; elapsed = 00:00:11 . Memory (MB): peak = 1282.902 ; gain = 0.000
---------------------------------------------------------------------------------
---------------------------------------------------------------------------------
Start RTL Component Statistics 
---------------------------------------------------------------------------------
Detailed RTL Component Info : 
+---Adders : 
	   2 Input   20 Bit       Adders := 1     
	   2 Input   17 Bit       Adders := 2     
	   2 Input   14 Bit       Adders := 2     
	   2 Input    4 Bit       Adders := 1     
	   2 Input    3 Bit       Adders := 1     
	   2 Input    2 Bit       Adders := 1     
+---Registers : 
	               20 Bit    Registers := 1     
	               17 Bit    Registers := 2     
	               16 Bit    Registers := 1     
	               14 Bit    Registers := 2     
	                4 Bit    Registers := 1     
	                3 Bit    Registers := 2     
	                2 Bit    Registers := 2     
	                1 Bit    Registers := 3     
+---Muxes : 
	   2 Input   20 Bit        Muxes := 3     
	   2 Input   17 Bit        Muxes := 2     
	   2 Input   16 Bit        Muxes := 2     
	   4 Input   16 Bit        Muxes := 1     
	   2 Input   14 Bit        Muxes := 4     
	   2 Input    4 Bit        Muxes := 1     
	   4 Input    4 Bit        Muxes := 2     
	   2 Input    3 Bit        Muxes := 1     
	   2 Input    1 Bit        Muxes := 7     
	   4 Input    1 Bit        Muxes := 1     
---------------------------------------------------------------------------------
Finished RTL Component Statistics 
---------------------------------------------------------------------------------
---------------------------------------------------------------------------------
Start Part Resource Summary
---------------------------------------------------------------------------------
Part Resources:
DSPs: 90 (col length:60)
BRAMs: 100 (col length: RAMB18 60 RAMB36 30)
---------------------------------------------------------------------------------
Finished Part Resource Summary
---------------------------------------------------------------------------------
---------------------------------------------------------------------------------
Start Cross Boundary and Area Optimization
---------------------------------------------------------------------------------
---------------------------------------------------------------------------------
Finished Cross Boundary and Area Optimization : Time (s): cpu = 00:00:10 ; elapsed = 00:00:19 . Memory (MB): peak = 1282.902 ; gain = 0.000
---------------------------------------------------------------------------------
---------------------------------------------------------------------------------
Start Applying XDC Timing Constraints
---------------------------------------------------------------------------------
---------------------------------------------------------------------------------
Finished Applying XDC Timing Constraints : Time (s): cpu = 00:00:13 ; elapsed = 00:00:24 . Memory (MB): peak = 1282.902 ; gain = 0.000
---------------------------------------------------------------------------------
---------------------------------------------------------------------------------
Start Timing Optimization
---------------------------------------------------------------------------------
---------------------------------------------------------------------------------
Finished Timing Optimization : Time (s): cpu = 00:00:16 ; elapsed = 00:00:29 . Memory (MB): peak = 1351.117 ; gain = 68.215
---------------------------------------------------------------------------------
---------------------------------------------------------------------------------
Start Technology Mapping
---------------------------------------------------------------------------------
---------------------------------------------------------------------------------
Finished Technology Mapping : Time (s): cpu = 00:00:16 ; elapsed = 00:00:30 . Memory (MB): peak = 1361.172 ; gain = 78.270
---------------------------------------------------------------------------------
---------------------------------------------------------------------------------
Start IO Insertion
---------------------------------------------------------------------------------
---------------------------------------------------------------------------------
Start Flattening Before IO Insertion
---------------------------------------------------------------------------------
---------------------------------------------------------------------------------
Finished Flattening Before IO Insertion
---------------------------------------------------------------------------------
---------------------------------------------------------------------------------
Start Final Netlist Cleanup
---------------------------------------------------------------------------------
---------------------------------------------------------------------------------
Finished Final Netlist Cleanup
---------------------------------------------------------------------------------
---------------------------------------------------------------------------------
Finished IO Insertion : Time (s): cpu = 00:00:18 ; elapsed = 00:00:33 . Memory (MB): peak = 1361.172 ; gain = 78.270
---------------------------------------------------------------------------------
---------------------------------------------------------------------------------
Start Renaming Generated Instances
---------------------------------------------------------------------------------
---------------------------------------------------------------------------------
Finished Renaming Generated Instances : Time (s): cpu = 00:00:18 ; elapsed = 00:00:33 . Memory (MB): peak = 1361.172 ; gain = 78.270
---------------------------------------------------------------------------------
---------------------------------------------------------------------------------
Start Rebuilding User Hierarchy
---------------------------------------------------------------------------------
---------------------------------------------------------------------------------
Finished Rebuilding User Hierarchy : Time (s): cpu = 00:00:18 ; elapsed = 00:00:33 . Memory (MB): peak = 1361.172 ; gain = 78.270
---------------------------------------------------------------------------------
---------------------------------------------------------------------------------
Start Renaming Generated Ports
---------------------------------------------------------------------------------
---------------------------------------------------------------------------------
Finished Renaming Generated Ports : Time (s): cpu = 00:00:18 ; elapsed = 00:00:33 . Memory (MB): peak = 1361.172 ; gain = 78.270
---------------------------------------------------------------------------------
---------------------------------------------------------------------------------
Start Handling Custom Attributes
---------------------------------------------------------------------------------
---------------------------------------------------------------------------------
Finished Handling Custom Attributes : Time (s): cpu = 00:00:18 ; elapsed = 00:00:33 . Memory (MB): peak = 1361.172 ; gain = 78.270
---------------------------------------------------------------------------------
---------------------------------------------------------------------------------
Start Renaming Generated Nets
---------------------------------------------------------------------------------
---------------------------------------------------------------------------------
Finished Renaming Generated Nets : Time (s): cpu = 00:00:18 ; elapsed = 00:00:33 . Memory (MB): peak = 1361.172 ; gain = 78.270
---------------------------------------------------------------------------------
---------------------------------------------------------------------------------
Start Writing Synthesis Report
---------------------------------------------------------------------------------

Report BlackBoxes: 
+-+--------------+----------+
| |BlackBox name |Instances |
+-+--------------+----------+
+-+--------------+----------+

Report Cell Usage: 
+------+-------+------+
|      |Cell   |Count |
+------+-------+------+
|1     |BUFG   |     1|
|2     |CARRY4 |    41|
|3     |LUT1   |    18|
|4     |LUT2   |    80|
|5     |LUT3   |    40|
|6     |LUT4   |    76|
|7     |LUT5   |    50|
|8     |LUT6   |   114|
|9     |FDCE   |    89|
|10    |FDPE   |     8|
|11    |FDRE   |     3|
|12    |IBUF   |    13|
|13    |OBUF   |    28|
+------+-------+------+
---------------------------------------------------------------------------------
Finished Writing Synthesis Report : Time (s): cpu = 00:00:18 ; elapsed = 00:00:33 . Memory (MB): peak = 1361.172 ; gain = 78.270
---------------------------------------------------------------------------------
Synthesis finished with 0 errors, 0 critical warnings and 0 warnings.
Synthesis Optimization Runtime : Time (s): cpu = 00:00:15 ; elapsed = 00:00:31 . Memory (MB): peak = 1361.172 ; gain = 78.270
Synthesis Optimization Complete : Time (s): cpu = 00:00:18 ; elapsed = 00:00:33 . Memory (MB): peak = 1361.172 ; gain = 78.270
INFO: [Project 1-571] Translating synthesized netlist
Netlist sorting complete. Time (s): cpu = 00:00:00 ; elapsed = 00:00:00.010 . Memory (MB): peak = 1365.051 ; gain = 0.000
INFO: [Netlist 29-17] Analyzing 41 Unisim elements for replacement
INFO: [Netlist 29-28] Unisim Transformation completed in 0 CPU seconds
INFO: [Project 1-570] Preparing netlist for logic optimization
INFO: [Opt 31-138] Pushed 0 inverter(s) to 0 load pin(s).
Netlist sorting complete. Time (s): cpu = 00:00:00 ; elapsed = 00:00:00.001 . Memory (MB): peak = 1373.660 ; gain = 0.000
INFO: [Project 1-111] Unisim Transformation Summary:
No Unisim elements were transformed.

Synth Design complete, checksum: 3d9f629d
INFO: [Common 17-83] Releasing license: Synthesis
33 Infos, 4 Warnings, 0 Critical Warnings and 0 Errors encountered.
synth_design completed successfully
synth_design: Time (s): cpu = 00:00:19 ; elapsed = 00:00:37 . Memory (MB): peak = 1373.660 ; gain = 90.758
INFO: [Common 17-1381] The checkpoint 'D:/project/FPGA/src/04.fnd_control/04.fnd_control.runs/synth_1/my_top.dcp' has been generated.
INFO: [runtcl-4] Executing : report_utilization -file my_top_utilization_synth.rpt -pb my_top_utilization_synth.pb
INFO: [Common 17-206] Exiting Vivado at Thu Jul  3 15:58:40 2025...
